c:\users\komal\documents\github\objectorientedanalysisdesign\codeanalyzer\analyzer\x64\debug\codeanalyzer.pdb
c:\users\komal\documents\github\objectorientedanalysisdesign\codeanalyzer\analyzer\x64\debug\codeanalyzer.idb
c:\users\komal\documents\github\objectorientedanalysisdesign\codeanalyzer\analyzer\x64\debug\abstrsyntree.obj
c:\users\komal\documents\github\objectorientedanalysisdesign\codeanalyzer\analyzer\x64\debug\filemgr.obj
c:\users\komal\documents\github\objectorientedanalysisdesign\codeanalyzer\analyzer\x64\debug\filesystem.obj
c:\users\komal\documents\github\objectorientedanalysisdesign\codeanalyzer\analyzer\x64\debug\grammarhelpers.obj
c:\users\komal\documents\github\objectorientedanalysisdesign\codeanalyzer\analyzer\x64\debug\logger.obj
c:\users\komal\documents\github\objectorientedanalysisdesign\codeanalyzer\analyzer\x64\debug\actionsandrules.obj
c:\users\komal\documents\github\objectorientedanalysisdesign\codeanalyzer\analyzer\x64\debug\configureparser.obj
c:\users\komal\documents\github\objectorientedanalysisdesign\codeanalyzer\analyzer\x64\debug\parser.obj
c:\users\komal\documents\github\objectorientedanalysisdesign\codeanalyzer\analyzer\x64\debug\scopestack.obj
c:\users\komal\documents\github\objectorientedanalysisdesign\codeanalyzer\analyzer\x64\debug\semiexp.obj
c:\users\komal\documents\github\objectorientedanalysisdesign\codeanalyzer\analyzer\x64\debug\tokenizer.obj
c:\users\komal\documents\github\objectorientedanalysisdesign\codeanalyzer\analyzer\x64\debug\utilities.obj
c:\users\komal\documents\github\objectorientedanalysisdesign\codeanalyzer\analyzer\x64\debug\executive.obj
c:\users\komal\documents\github\objectorientedanalysisdesign\codeanalyzer\x64\debug\codeanalyzer.lib
c:\users\komal\documents\github\objectorientedanalysisdesign\codeanalyzer\x64\debug\codeanalyzer.pdb
c:\users\komal\documents\github\objectorientedanalysisdesign\codeanalyzer\analyzer\x64\debug\codeanalyzer.tlog\cl.command.1.tlog
c:\users\komal\documents\github\objectorientedanalysisdesign\codeanalyzer\analyzer\x64\debug\codeanalyzer.tlog\cl.read.1.tlog
c:\users\komal\documents\github\objectorientedanalysisdesign\codeanalyzer\analyzer\x64\debug\codeanalyzer.tlog\cl.write.1.tlog
c:\users\komal\documents\github\objectorientedanalysisdesign\codeanalyzer\analyzer\x64\debug\codeanalyzer.tlog\lib-link.read.1.tlog
c:\users\komal\documents\github\objectorientedanalysisdesign\codeanalyzer\analyzer\x64\debug\codeanalyzer.tlog\lib-link.write.1.tlog
c:\users\komal\documents\github\objectorientedanalysisdesign\codeanalyzer\analyzer\x64\debug\codeanalyzer.tlog\lib.command.1.tlog
