c:\users\komal\documents\github\objectorientedanalysisdesign\codeanalyzer\parser\x64\debug\parser.pdb
c:\users\komal\documents\github\objectorientedanalysisdesign\codeanalyzer\parser\x64\debug\parser.idb
c:\users\komal\documents\github\objectorientedanalysisdesign\codeanalyzer\parser\x64\debug\abstrsyntree.obj
c:\users\komal\documents\github\objectorientedanalysisdesign\codeanalyzer\parser\x64\debug\filesystem.obj
c:\users\komal\documents\github\objectorientedanalysisdesign\codeanalyzer\parser\x64\debug\grammarhelpers.obj
c:\users\komal\documents\github\objectorientedanalysisdesign\codeanalyzer\parser\x64\debug\logger.obj
c:\users\komal\documents\github\objectorientedanalysisdesign\codeanalyzer\parser\x64\debug\scopestack.obj
c:\users\komal\documents\github\objectorientedanalysisdesign\codeanalyzer\parser\x64\debug\semiexp.obj
c:\users\komal\documents\github\objectorientedanalysisdesign\codeanalyzer\parser\x64\debug\tokenizer.obj
c:\users\komal\documents\github\objectorientedanalysisdesign\codeanalyzer\parser\x64\debug\utilities.obj
c:\users\komal\documents\github\objectorientedanalysisdesign\codeanalyzer\parser\x64\debug\actionsandrules.obj
c:\users\komal\documents\github\objectorientedanalysisdesign\codeanalyzer\parser\x64\debug\configureparser.obj
c:\users\komal\documents\github\objectorientedanalysisdesign\codeanalyzer\parser\x64\debug\parser.obj
c:\users\komal\documents\github\objectorientedanalysisdesign\codeanalyzer\x64\debug\parser.lib
c:\users\komal\documents\github\objectorientedanalysisdesign\codeanalyzer\x64\debug\parser.pdb
c:\users\komal\documents\github\objectorientedanalysisdesign\codeanalyzer\parser\x64\debug\parser.tlog\cl.command.1.tlog
c:\users\komal\documents\github\objectorientedanalysisdesign\codeanalyzer\parser\x64\debug\parser.tlog\cl.read.1.tlog
c:\users\komal\documents\github\objectorientedanalysisdesign\codeanalyzer\parser\x64\debug\parser.tlog\cl.write.1.tlog
c:\users\komal\documents\github\objectorientedanalysisdesign\codeanalyzer\parser\x64\debug\parser.tlog\lib-link.read.1.tlog
c:\users\komal\documents\github\objectorientedanalysisdesign\codeanalyzer\parser\x64\debug\parser.tlog\lib-link.write.1.tlog
c:\users\komal\documents\github\objectorientedanalysisdesign\codeanalyzer\parser\x64\debug\parser.tlog\lib.command.1.tlog
